<?xml version="1.0" encoding="UTF-8"?>
<testsuite xmlns:xsi="http://www.w3.org/2001/XMLSchema-instance" xsi:noNamespaceSchemaLocation="https://maven.apache.org/surefire/maven-surefire-plugin/xsd/surefire-test-report.xsd" version="3.0.2" name="com.example.travelplanner.tools.BudgetToolsTest" time="0.129" tests="8" errors="0" skipped="0" failures="0" flakes="0">
  <properties>
[...]
</properties>
  <testcase name="grandTotalIncludesAllComponents" classname="com.example.travelplanner.tools.BudgetToolsTest" time="0.106">
    <system-out><![CDATA[21:21:21.464 [main] INFO com.example.travelplanner.data.DestinationDataRepository -- Loaded destination data: Japan
21:21:21.466 [main] INFO com.example.travelplanner.data.DestinationDataRepository -- Loaded destination data: France (Paris)
21:21:21.466 [main] INFO com.example.travelplanner.data.DestinationDataRepository -- Loaded destination data: Italy (Rome & Florence)
21:21:21.467 [main] INFO com.example.travelplanner.data.DestinationDataRepository -- Loaded destination data: Thailand
21:21:21.467 [main] INFO com.example.travelplanner.data.DestinationDataRepository -- Loaded destination data: Spain (Barcelona)
21:21:21.469 [main] INFO com.example.travelplanner.data.BudgetDataRepository -- Loaded 15 accommodation rate entries
21:21:21.469 [main] INFO com.example.travelplanner.data.BudgetDataRepository -- Loaded 15 meal cost entries
21:21:21.470 [main] INFO com.example.travelplanner.data.LogisticsDataRepository -- Loaded 5 flight estimate entries
21:21:21.470 [main] INFO com.example.travelplanner.data.LogisticsDataRepository -- Loaded transport options for 5 destinations
21:21:21.470 [main] INFO com.example.travelplanner.data.LogisticsDataRepository -- Loaded 5 visa requirement entries
]]></system-out>
  </testcase>
  <testcase name="forcedTierOverridesAutoSelection" classname="com.example.travelplanner.tools.BudgetToolsTest" time="0.003">
    <system-out><![CDATA[21:21:21.488 [main] INFO com.example.travelplanner.data.DestinationDataRepository -- Loaded destination data: Japan
21:21:21.489 [main] INFO com.example.travelplanner.data.DestinationDataRepository -- Loaded destination data: France (Paris)
21:21:21.489 [main] INFO com.example.travelplanner.data.DestinationDataRepository -- Loaded destination data: Italy (Rome & Florence)
21:21:21.489 [main] INFO com.example.travelplanner.data.DestinationDataRepository -- Loaded destination data: Thailand
21:21:21.489 [main] INFO com.example.travelplanner.data.DestinationDataRepository -- Loaded destination data: Spain (Barcelona)
21:21:21.490 [main] INFO com.example.travelplanner.data.BudgetDataRepository -- Loaded 15 accommodation rate entries
21:21:21.490 [main] INFO com.example.travelplanner.data.BudgetDataRepository -- Loaded 15 meal cost entries
21:21:21.490 [main] INFO com.example.travelplanner.data.LogisticsDataRepository -- Loaded 5 flight estimate entries
21:21:21.490 [main] INFO com.example.travelplanner.data.LogisticsDataRepository -- Loaded transport options for 5 destinations
21:21:21.490 [main] INFO com.example.travelplanner.data.LogisticsDataRepository -- Loaded 5 visa requirement entries
]]></system-out>
  </testcase>
  <testcase name="japanFamilyFiveThousandDollarsIsWithinBudgetAtBudgetTier" classname="com.example.travelplanner.tools.BudgetToolsTest" time="0.003">
    <system-out><![CDATA[21:21:21.492 [main] INFO com.example.travelplanner.data.DestinationDataRepository -- Loaded destination data: Japan
21:21:21.492 [main] INFO com.example.travelplanner.data.DestinationDataRepository -- Loaded destination data: France (Paris)
21:21:21.492 [main] INFO com.example.travelplanner.data.DestinationDataRepository -- Loaded destination data: Italy (Rome & Florence)
21:21:21.492 [main] INFO com.example.travelplanner.data.DestinationDataRepository -- Loaded destination data: Thailand
21:21:21.492 [main] INFO com.example.travelplanner.data.DestinationDataRepository -- Loaded destination data: Spain (Barcelona)
21:21:21.493 [main] INFO com.example.travelplanner.data.BudgetDataRepository -- Loaded 15 accommodation rate entries
21:21:21.493 [main] INFO com.example.travelplanner.data.BudgetDataRepository -- Loaded 15 meal cost entries
21:21:21.493 [main] INFO com.example.travelplanner.data.LogisticsDataRepository -- Loaded 5 flight estimate entries
21:21:21.493 [main] INFO com.example.travelplanner.data.LogisticsDataRepository -- Loaded transport options for 5 destinations
21:21:21.493 [main] INFO com.example.travelplanner.data.LogisticsDataRepository -- Loaded 5 visa requirement entries
]]></system-out>
  </testcase>
  <testcase name="aprilJapanFlightsHigherThanOctober" classname="com.example.travelplanner.tools.BudgetToolsTest" time="0.002">
    <system-out><![CDATA[21:21:21.495 [main] INFO com.example.travelplanner.data.DestinationDataRepository -- Loaded destination data: Japan
21:21:21.495 [main] INFO com.example.travelplanner.data.DestinationDataRepository -- Loaded destination data: France (Paris)
21:21:21.495 [main] INFO com.example.travelplanner.data.DestinationDataRepository -- Loaded destination data: Italy (Rome & Florence)
21:21:21.495 [main] INFO com.example.travelplanner.data.DestinationDataRepository -- Loaded destination data: Thailand
21:21:21.495 [main] INFO com.example.travelplanner.data.DestinationDataRepository -- Loaded destination data: Spain (Barcelona)
21:21:21.495 [main] INFO com.example.travelplanner.data.BudgetDataRepository -- Loaded 15 accommodation rate entries
21:21:21.496 [main] INFO com.example.travelplanner.data.BudgetDataRepository -- Loaded 15 meal cost entries
21:21:21.496 [main] INFO com.example.travelplanner.data.LogisticsDataRepository -- Loaded 5 flight estimate entries
21:21:21.496 [main] INFO com.example.travelplanner.data.LogisticsDataRepository -- Loaded transport options for 5 destinations
21:21:21.496 [main] INFO com.example.travelplanner.data.LogisticsDataRepository -- Loaded 5 visa requirement entries
]]></system-out>
  </testcase>
  <testcase name="budgetRemainingCalculatedCorrectly" classname="com.example.travelplanner.tools.BudgetToolsTest" time="0.002">
    <system-out><![CDATA[21:21:21.497 [main] INFO com.example.travelplanner.data.DestinationDataRepository -- Loaded destination data: Japan
21:21:21.497 [main] INFO com.example.travelplanner.data.DestinationDataRepository -- Loaded destination data: France (Paris)
21:21:21.497 [main] INFO com.example.travelplanner.data.DestinationDataRepository -- Loaded destination data: Italy (Rome & Florence)
21:21:21.497 [main] INFO com.example.travelplanner.data.DestinationDataRepository -- Loaded destination data: Thailand
21:21:21.497 [main] INFO com.example.travelplanner.data.DestinationDataRepository -- Loaded destination data: Spain (Barcelona)
21:21:21.497 [main] INFO com.example.travelplanner.data.BudgetDataRepository -- Loaded 15 accommodation rate entries
21:21:21.497 [main] INFO com.example.travelplanner.data.BudgetDataRepository -- Loaded 15 meal cost entries
21:21:21.497 [main] INFO com.example.travelplanner.data.LogisticsDataRepository -- Loaded 5 flight estimate entries
21:21:21.498 [main] INFO com.example.travelplanner.data.LogisticsDataRepository -- Loaded transport options for 5 destinations
21:21:21.498 [main] INFO com.example.travelplanner.data.LogisticsDataRepository -- Loaded 5 visa requirement entries
]]></system-out>
  </testcase>
  <testcase name="luxuryBudgetSelectsCorrectTier" classname="com.example.travelplanner.tools.BudgetToolsTest" time="0.002">
    <system-out><![CDATA[21:21:21.498 [main] INFO com.example.travelplanner.data.DestinationDataRepository -- Loaded destination data: Japan
21:21:21.499 [main] INFO com.example.travelplanner.data.DestinationDataRepository -- Loaded destination data: France (Paris)
21:21:21.499 [main] INFO com.example.travelplanner.data.DestinationDataRepository -- Loaded destination data: Italy (Rome & Florence)
21:21:21.499 [main] INFO com.example.travelplanner.data.DestinationDataRepository -- Loaded destination data: Thailand
21:21:21.499 [main] INFO com.example.travelplanner.data.DestinationDataRepository -- Loaded destination data: Spain (Barcelona)
21:21:21.499 [main] INFO com.example.travelplanner.data.BudgetDataRepository -- Loaded 15 accommodation rate entries
21:21:21.499 [main] INFO com.example.travelplanner.data.BudgetDataRepository -- Loaded 15 meal cost entries
21:21:21.499 [main] INFO com.example.travelplanner.data.LogisticsDataRepository -- Loaded 5 flight estimate entries
21:21:21.499 [main] INFO com.example.travelplanner.data.LogisticsDataRepository -- Loaded transport options for 5 destinations
21:21:21.499 [main] INFO com.example.travelplanner.data.LogisticsDataRepository -- Loaded 5 visa requirement entries
]]></system-out>
  </testcase>
  <testcase name="withinBudgetFlagIsCorrect" classname="com.example.travelplanner.tools.BudgetToolsTest" time="0.001">
    <system-out><![CDATA[21:21:21.500 [main] INFO com.example.travelplanner.data.DestinationDataRepository -- Loaded destination data: Japan
21:21:21.500 [main] INFO com.example.travelplanner.data.DestinationDataRepository -- Loaded destination data: France (Paris)
21:21:21.500 [main] INFO com.example.travelplanner.data.DestinationDataRepository -- Loaded destination data: Italy (Rome & Florence)
21:21:21.500 [main] INFO com.example.travelplanner.data.DestinationDataRepository -- Loaded destination data: Thailand
21:21:21.501 [main] INFO com.example.travelplanner.data.DestinationDataRepository -- Loaded destination data: Spain (Barcelona)
21:21:21.501 [main] INFO com.example.travelplanner.data.BudgetDataRepository -- Loaded 15 accommodation rate entries
21:21:21.501 [main] INFO com.example.travelplanner.data.BudgetDataRepository -- Loaded 15 meal cost entries
21:21:21.501 [main] INFO com.example.travelplanner.data.LogisticsDataRepository -- Loaded 5 flight estimate entries
21:21:21.501 [main] INFO com.example.travelplanner.data.LogisticsDataRepository -- Loaded transport options for 5 destinations
21:21:21.501 [main] INFO com.example.travelplanner.data.LogisticsDataRepository -- Loaded 5 visa requirement entries
]]></system-out>
  </testcase>
  <testcase name="tradeOffNotesAreNotBlank" classname="com.example.travelplanner.tools.BudgetToolsTest" time="0.003">
    <system-out><![CDATA[21:21:21.502 [main] INFO com.example.travelplanner.data.DestinationDataRepository -- Loaded destination data: Japan
21:21:21.502 [main] INFO com.example.travelplanner.data.DestinationDataRepository -- Loaded destination data: France (Paris)
21:21:21.502 [main] INFO com.example.travelplanner.data.DestinationDataRepository -- Loaded destination data: Italy (Rome & Florence)
21:21:21.502 [main] INFO com.example.travelplanner.data.DestinationDataRepository -- Loaded destination data: Thailand
21:21:21.502 [main] INFO com.example.travelplanner.data.DestinationDataRepository -- Loaded destination data: Spain (Barcelona)
21:21:21.503 [main] INFO com.example.travelplanner.data.BudgetDataRepository -- Loaded 15 accommodation rate entries
21:21:21.503 [main] INFO com.example.travelplanner.data.BudgetDataRepository -- Loaded 15 meal cost entries
21:21:21.503 [main] INFO com.example.travelplanner.data.LogisticsDataRepository -- Loaded 5 flight estimate entries
21:21:21.503 [main] INFO com.example.travelplanner.data.LogisticsDataRepository -- Loaded transport options for 5 destinations
21:21:21.503 [main] INFO com.example.travelplanner.data.LogisticsDataRepository -- Loaded 5 visa requirement entries
]]></system-out>
  </testcase>
</testsuite>