<?xml version="1.0" encoding="UTF-8"?>
<testsuite xmlns:xsi="http://www.w3.org/2001/XMLSchema-instance" xsi:noNamespaceSchemaLocation="https://maven.apache.org/surefire/maven-surefire-plugin/xsd/surefire-test-report.xsd" version="3.0.2" name="com.example.travelplanner.controller.TravelControllerTest" time="0.909" tests="6" errors="0" skipped="0" failures="0" flakes="0">
  <properties>
[...]
</properties>
  <testcase name="postFollowupReturns200" classname="com.example.travelplanner.controller.TravelControllerTest" time="0.063">
    <system-out><![CDATA[21:21:21.546 [main] INFO org.springframework.test.context.support.AnnotationConfigContextLoaderUtils -- Could not detect default configuration classes for test class [com.example.travelplanner.controller.TravelControllerTest]: TravelControllerTest does not declare any static, non-private, non-final, nested classes annotated with @Configuration.
21:21:21.586 [main] INFO org.springframework.boot.test.context.SpringBootTestContextBootstrapper -- Found @SpringBootConfiguration com.example.travelplanner.TravelPlannerApplication for test class com.example.travelplanner.controller.TravelControllerTest

  .   ____          _            __ _ _
 /\\ / ___'_ __ _ _(_)_ __  __ _ \ \ \ \
( ( )\___ | '_ | '_| | '_ \/ _` | \ \ \ \
 \\/  ___)| |_)| | | | | || (_| |  ) ) ) )
  '  |____| .__|_| |_|_| |_\__, | / / / /
 =========|_|==============|___/=/_/_/_/

 :: Spring Boot ::               (v3.5.13)

2026-04-20T21:21:21.698-07:00  INFO 31332 --- [springai-advanced] [           main] c.e.t.controller.TravelControllerTest    : Starting TravelControllerTest using Java 25.0.1 with PID 31332 (started by venky in /Users/venky/Documents/code/genai/springai-advanced)
2026-04-20T21:21:21.698-07:00 DEBUG 31332 --- [springai-advanced] [           main] c.e.t.controller.TravelControllerTest    : Running with Spring Boot v3.5.13, Spring v6.2.17
2026-04-20T21:21:21.699-07:00  INFO 31332 --- [springai-advanced] [           main] c.e.t.controller.TravelControllerTest    : No active profile set, falling back to 1 default profile: "default"
2026-04-20T21:21:22.219-07:00  INFO 31332 --- [springai-advanced] [           main] o.s.b.a.w.s.WelcomePageHandlerMapping    : Adding welcome page: class path resource [static/index.html]
2026-04-20T21:21:22.316-07:00  INFO 31332 --- [springai-advanced] [           main] o.s.b.t.m.w.SpringBootMockServletContext : Initializing Spring TestDispatcherServlet ''
2026-04-20T21:21:22.316-07:00  INFO 31332 --- [springai-advanced] [           main] o.s.t.web.servlet.TestDispatcherServlet  : Initializing Servlet ''
2026-04-20T21:21:22.316-07:00  INFO 31332 --- [springai-advanced] [           main] o.s.t.web.servlet.TestDispatcherServlet  : Completed initialization in 0 ms
2026-04-20T21:21:22.349-07:00  INFO 31332 --- [springai-advanced] [           main] c.e.t.controller.TravelControllerTest    : Started TravelControllerTest in 0.742 seconds (process running for 1.15)
]]></system-out>
    <system-err><![CDATA[Mockito is currently self-attaching to enable the inline-mock-maker. This will no longer work in future releases of the JDK. Please add Mockito as an agent to your build as described in Mockito's documentation: https://javadoc.io/doc/org.mockito/mockito-core/latest/org.mockito/org/mockito/Mockito.html#0.3
WARNING: A Java agent has been loaded dynamically (/Users/venky/.m2/repository/net/bytebuddy/byte-buddy-agent/1.17.8/byte-buddy-agent-1.17.8.jar)
WARNING: If a serviceability tool is in use, please run with -XX:+EnableDynamicAgentLoading to hide this warning
WARNING: If a serviceability tool is not in use, please run with -Djdk.instrument.traceUsage for more information
WARNING: Dynamic loading of agents will be disallowed by default in a future release
]]></system-err>
  </testcase>
  <testcase name="getDestinationsReturns200" classname="com.example.travelplanner.controller.TravelControllerTest" time="0.006"/>
  <testcase name="getInfoReturns200WithAgentList" classname="com.example.travelplanner.controller.TravelControllerTest" time="0.003"/>
  <testcase name="postPlanReturns200" classname="com.example.travelplanner.controller.TravelControllerTest" time="0.002"/>
  <testcase name="missingQueryParamReturns400" classname="com.example.travelplanner.controller.TravelControllerTest" time="0.003">
    <system-out><![CDATA[2026-04-20T21:21:22.430-07:00  WARN 31332 --- [springai-advanced] [           main] .w.s.m.s.DefaultHandlerExceptionResolver : Resolved [org.springframework.web.bind.MissingServletRequestParameterException: Required request parameter 'query' for method parameter type String is not present]
]]></system-out>
  </testcase>
  <testcase name="quickPlanGeneratesConversationId" classname="com.example.travelplanner.controller.TravelControllerTest" time="0.002"/>
</testsuite>